AllocateTabOF -- time : 1387640725.133699s
END -- time : 1387640725.133715s
AllocateNode -- time : 1387640725.133757s
END -- time : 1387640725.133763s
AllocateNode -- time : 1387640725.133768s
END -- time : 1387640725.133771s
AllocateNode -- time : 1387640725.133775s
END -- time : 1387640725.133778s
AllocateNode -- time : 1387640725.133782s
END -- time : 1387640725.133784s
AllocateNode -- time : 1387640725.133788s
END -- time : 1387640725.133791s
AllocateNode -- time : 1387640725.133795s
END -- time : 1387640725.133797s
AllocateNode -- time : 1387640725.133801s
END -- time : 1387640725.133804s
AllocateNode -- time : 1387640725.133808s
END -- time : 1387640725.133811s
AllocateNode -- time : 1387640725.133815s
END -- time : 1387640725.133817s
AllocateNode -- time : 1387640725.133821s
END -- time : 1387640725.133824s
AllocateNode -- time : 1387640725.133827s
END -- time : 1387640725.133830s
CallTime -- time : 1387640725.133834s
END -- time : 1387640725.133837s
CallTime -- time : 1387640725.133841s
END -- time : 1387640725.133843s
CallTime -- time : 1387640725.133847s
END -- time : 1387640725.133850s
CallTime -- time : 1387640725.133854s
END -- time : 1387640725.133856s
CallTime -- time : 1387640725.133860s
END -- time : 1387640725.133863s
CallTime -- time : 1387640725.133866s
END -- time : 1387640725.133869s
CallTime -- time : 1387640725.133873s
END -- time : 1387640725.133875s
CallTime -- time : 1387640725.133879s
END -- time : 1387640725.133881s
CallTime -- time : 1387640725.133885s
END -- time : 1387640725.133888s
CallTime -- time : 1387640725.133891s
END -- time : 1387640725.133894s
CallTime -- time : 1387640725.133898s
END -- time : 1387640725.133901s
TabFromTree -- time : 1387640725.133919s
TabFromTree -- time : 1387640725.133927s
TabFromTree -- time : 1387640725.133930s
TabFromTree -- time : 1387640725.133933s
TabFromTree -- time : 1387640725.133935s
TabFromTree -- time : 1387640725.133938s
TabFromTree -- time : 1387640725.133940s
TabFromTree -- time : 1387640725.133943s
TabFromTree -- time : 1387640725.133945s
TabFromTree -- time : 1387640725.133953s
TabFromTree -- time : 1387640725.133956s
END -- time : 1387640725.133958s
END -- time : 1387640725.133961s
END -- time : 1387640725.133963s
END -- time : 1387640725.133966s
END -- time : 1387640725.133968s
END -- time : 1387640725.133970s
END -- time : 1387640725.133973s
END -- time : 1387640725.133975s
END -- time : 1387640725.133977s
END -- time : 1387640725.133980s
END -- time : 1387640725.133982s
quickSortCall -- time : 1387640725.134026s
END -- time : -1234368832.-1081436s
printTab -- time : 1387640725.134032s
END -- time : 1387640725.134140s
quickSortMoy -- time : 1387640725.134154s
END -- time : -1234368832.134032s
printTab -- time : 1387640725.134160s
END -- time : 1387640725.134238s
quickSortTime -- time : 1387640725.134268s
END -- time : -1234368832.134160s
printTab -- time : 1387640725.134273s
END -- time : 1387640725.134381s
