main -- time : 1375109611.590750s
graphique_clavier -- time : 1375109611.590785s
initialisation_fenetre -- time : 1375109611.590790s
END -- time : 1375109611.643411s
creer_Damier -- time : 1375109611.643469s
init_Damier -- time : 1375109611.643495s
END -- time : 1375109611.643521s
init_Proies -- time : 1375109611.643553s
END -- time : 1375109611.643752s
END -- time : 1375109611.643782s
creer_Ver -- time : 1375109611.643810s
creer_Coord -- time : 1375109611.643842s
END -- time : 1375109611.643868s
END -- time : 1375109611.643896s
affiche_Damier -- time : 1375109611.643906s
END -- time : 1375109611.644252s
est_Valide -- time : 1375109611.744698s
END -- time : 1375109611.744765s
est_Valide -- time : 1375109611.844882s
END -- time : 1375109611.844955s
est_Valide -- time : 1375109611.945064s
END -- time : 1375109611.945122s
est_Valide -- time : 1375109612.045251s
END -- time : 1375109612.045317s
est_Valide -- time : 1375109612.145437s
END -- time : 1375109612.145503s
est_Valide -- time : 1375109612.245622s
END -- time : 1375109612.245687s
est_Valide -- time : 1375109612.345789s
END -- time : 1375109612.345851s
coordonnees_Deplacement -- time : 1375109612.345895s
creer_Coord -- time : 1375109612.345924s
END -- time : 1375109612.345947s
END -- time : 1375109612.345969s
est_Valide -- time : 1375109612.446106s
END -- time : 1375109612.446159s
mise_A_Jour_Jeu -- time : 1375109612.446180s
Ver_mange_proie -- time : 1375109612.446198s
END -- time : 1375109612.446214s
END -- time : 1375109612.446266s
affiche_Damier -- time : 1375109612.446288s
END -- time : 1375109612.446719s
coordonnees_Deplacement -- time : 1375109612.447078s
creer_Coord -- time : 1375109612.447122s
END -- time : 1375109612.447171s
END -- time : 1375109612.447196s
est_Valide -- time : 1375109612.547311s
END -- time : 1375109612.547379s
mise_A_Jour_Jeu -- time : 1375109612.547409s
Ver_mange_proie -- time : 1375109612.547434s
END -- time : 1375109612.547505s
END -- time : 1375109612.547534s
affiche_Damier -- time : 1375109612.547561s
END -- time : 1375109612.548022s
coordonnees_Deplacement -- time : 1375109612.548687s
creer_Coord -- time : 1375109612.548740s
END -- time : 1375109612.548760s
END -- time : 1375109612.548775s
est_Valide -- time : 1375109612.648890s
END -- time : 1375109612.648924s
mise_A_Jour_Jeu -- time : 1375109612.648933s
Ver_mange_proie -- time : 1375109612.648941s
END -- time : 1375109612.648948s
END -- time : 1375109612.648955s
affiche_Damier -- time : 1375109612.648962s
END -- time : 1375109612.649347s
coordonnees_Deplacement -- time : 1375109612.649725s
creer_Coord -- time : 1375109612.649754s
END -- time : 1375109612.649765s
END -- time : 1375109612.649772s
est_Valide -- time : 1375109612.749881s
END -- time : 1375109612.749923s
mise_A_Jour_Jeu -- time : 1375109612.749933s
Ver_mange_proie -- time : 1375109612.749942s
END -- time : 1375109612.749949s
END -- time : 1375109612.749956s
affiche_Damier -- time : 1375109612.749965s
END -- time : 1375109612.750427s
coordonnees_Deplacement -- time : 1375109612.751081s
creer_Coord -- time : 1375109612.751124s
END -- time : 1375109612.751136s
END -- time : 1375109612.751146s
est_Valide -- time : 1375109612.851244s
END -- time : 1375109612.851317s
mise_A_Jour_Jeu -- time : 1375109612.851354s
Ver_mange_proie -- time : 1375109612.851388s
END -- time : 1375109612.851425s
END -- time : 1375109612.851461s
affiche_Damier -- time : 1375109612.851562s
END -- time : 1375109612.852079s
coordonnees_Deplacement -- time : 1375109612.852786s
creer_Coord -- time : 1375109612.852920s
END -- time : 1375109612.852942s
END -- time : 1375109612.852951s
est_Valide -- time : 1375109612.953068s
END -- time : 1375109612.953135s
mise_A_Jour_Jeu -- time : 1375109612.953166s
deplacement_Ver -- time : 1375109612.953189s
END -- time : 1375109612.953256s
END -- time : 1375109612.953284s
affiche_Damier -- time : 1375109612.953307s
END -- time : 1375109612.953756s
coordonnees_Deplacement -- time : 1375109612.954391s
creer_Coord -- time : 1375109612.954442s
END -- time : 1375109612.954488s
END -- time : 1375109612.954505s
est_Valide -- time : 1375109613.054601s
END -- time : 1375109613.054664s
mise_A_Jour_Jeu -- time : 1375109613.054692s
Ver_mange_proie -- time : 1375109613.054716s
END -- time : 1375109613.054739s
END -- time : 1375109613.054761s
affiche_Damier -- time : 1375109613.054785s
END -- time : 1375109613.055305s
coordonnees_Deplacement -- time : 1375109613.055959s
creer_Coord -- time : 1375109613.056015s
END -- time : 1375109613.056058s
END -- time : 1375109613.056076s
est_Valide -- time : 1375109613.156224s
END -- time : 1375109613.156324s
mise_A_Jour_Jeu -- time : 1375109613.156373s
deplacement_Ver -- time : 1375109613.156434s
END -- time : 1375109613.156490s
END -- time : 1375109613.156538s
affiche_Damier -- time : 1375109613.156567s
END -- time : 1375109613.157035s
coordonnees_Deplacement -- time : 1375109613.157662s
creer_Coord -- time : 1375109613.157715s
END -- time : 1375109613.157735s
END -- time : 1375109613.157750s
est_Valide -- time : 1375109613.257883s
END -- time : 1375109613.257949s
mise_A_Jour_Jeu -- time : 1375109613.258041s
deplacement_Ver -- time : 1375109613.258085s
END -- time : 1375109613.258128s
END -- time : 1375109613.258170s
affiche_Damier -- time : 1375109613.258197s
END -- time : 1375109613.258672s
coordonnees_Deplacement -- time : 1375109613.259299s
creer_Coord -- time : 1375109613.259352s
END -- time : 1375109613.259375s
END -- time : 1375109613.259394s
est_Valide -- time : 1375109613.359507s
END -- time : 1375109613.359571s
mise_A_Jour_Jeu -- time : 1375109613.359599s
Ver_mange_proie -- time : 1375109613.359620s
END -- time : 1375109613.359643s
END -- time : 1375109613.359665s
affiche_Damier -- time : 1375109613.359688s
END -- time : 1375109613.360178s
coordonnees_Deplacement -- time : 1375109613.360826s
creer_Coord -- time : 1375109613.360883s
END -- time : 1375109613.360919s
END -- time : 1375109613.360934s
est_Valide -- time : 1375109613.461030s
END -- time : 1375109613.461093s
mise_A_Jour_Jeu -- time : 1375109613.461136s
END -- time : 1375109613.461161s
affiche_Damier -- time : 1375109613.461197s
END -- time : 1375109613.461627s
affichage_victoire_defaite -- time : 1375109613.462034s
END -- time : 1375109613.464526s
END -- time : 1375109615.405987s
END -- time : 1375109615.406010s
